23/05/2023 11:22:37|info|330084c792f27527 nom du réseau wifi eduroam
23/05/2023 11:22:43|info|330084c792f27527 nom du réseau wifi eduroam
23/05/2023 11:22:43|info|330084c792f27527 nom du réseau wifi eduroam
23/05/2023 11:23:27|info|330084c792f27527 nom du réseau wifi eduroam
23/05/2023 11:23:44|info|330084c792f27527 nom du réseau wifi eduroam
23/05/2023 11:25:22|info|330084c792f27527 nom du réseau wifi eduroam
23/05/2023 13:35:08|info|330084c792f27527 nom du réseau wifi eduroam
23/05/2023 13:35:22|info|le package com.snapchat.android a été désinstaller de l'appareil 330084c792f27527
23/05/2023 13:38:45|info|330084c792f27527 nom du réseau wifi eduroam
23/05/2023 13:38:56|info|le package com.amazon.mShop.android.shopping a été désinstaller de l'appareil 330084c792f27527
23/05/2023 13:39:21|info|330084c792f27527 nom du réseau wifi eduroam
23/05/2023 13:40:14|info|330084c792f27527 nom du réseau wifi eduroam
23/05/2023 13:40:32|info|le package com.snapchat.android a été désinstaller de l'appareil 330084c792f27527
23/05/2023 13:41:32|info|330084c792f27527 nom du réseau wifi eduroam
23/05/2023 13:42:29|info|le package com.snapchat.android a été désinstaller de l'appareil 330084c792f27527
23/05/2023 13:42:45|info|330084c792f27527 nom du réseau wifi eduroam
23/05/2023 13:44:01|info|le package com.snapchat.android a été désinstaller de l'appareil 330084c792f27527
23/05/2023 14:46:28|info|330084c792f27527 is not connected
23/05/2023 14:46:28|info|330084c792f27527 is not connected
23/05/2023 14:46:28|info|330084c792f27527 is not connected
23/05/2023 14:46:28|info|330084c792f27527 nom du réseau wifi none
23/05/2023 15:02:55|info|3300e7bb2a4e653f is not connected
23/05/2023 15:02:55|info|3300e7bb2a4e653f is not connected
23/05/2023 15:02:55|info|3300e7bb2a4e653f is not connected
23/05/2023 15:02:55|info|3300e7bb2a4e653f is not connected
23/05/2023 15:02:55|info|3300e7bb2a4e653f is not connected
23/05/2023 15:02:55|info|3300e7bb2a4e653f is not connected
23/05/2023 15:02:55|info|3300e7bb2a4e653f is not connected
23/05/2023 15:02:55|info|3300e7bb2a4e653f is not connected
23/05/2023 15:02:55|info|3300e7bb2a4e653f is not connected
23/05/2023 15:02:55|info|3300e7bb2a4e653f is not connected
23/05/2023 15:02:55|info|3300e7bb2a4e653f is not connected
23/05/2023 15:02:55|info|3300e7bb2a4e653f is not connected
23/05/2023 15:02:55|info|3300e7bb2a4e653f is not connected
23/05/2023 15:02:55|info|3300e7bb2a4e653f is not connected
23/05/2023 15:03:55|info|3300e7bb2a4e653f nom du réseau wifi none
23/05/2023 15:10:28|info|3300e7bb2a4e653f nom du réseau wifi  n5545
23/05/2023 15:10:47|info|le package com.snapchat.android a été désinstaller de l'appareil 3300e7bb2a4e653f
23/05/2023 15:11:14|info|3300e7bb2a4e653f nom du réseau wifi  n5545
23/05/2023 15:11:35|info|3300e7bb2a4e653f nom du réseau wifi  n5545
23/05/2023 15:13:14|info|le package com.snapchat.android a été désinstaller de l'appareil 3300e7bb2a4e653f
23/05/2023 15:14:24|info|3300e7bb2a4e653f nom du réseau wifi  n5545
23/05/2023 15:14:39|info|le package com.snapchat.android a été désinstaller de l'appareil 3300e7bb2a4e653f
23/05/2023 15:15:13|info|3300e7bb2a4e653f nom du réseau wifi  n5545
23/05/2023 15:15:19|info|3300e7bb2a4e653f nom du réseau wifi  n5545
23/05/2023 15:16:01|info|le package com.snapchat.android a été désinstaller de l'appareil 3300e7bb2a4e653f
23/05/2023 15:16:34|info|3300e7bb2a4e653f nom du réseau wifi  n5545
23/05/2023 15:17:26|info|le package com.snapchat.android a été désinstaller de l'appareil 3300e7bb2a4e653f
23/05/2023 15:18:47|info|3300e7bb2a4e653f nom du réseau wifi  n5545
23/05/2023 15:18:58|info|3300e7bb2a4e653f nom du réseau wifi  n5545
23/05/2023 15:20:20|info|le package com.snapchat.android a été désinstaller de l'appareil 3300e7bb2a4e653f
23/05/2023 15:20:44|info|3300e7bb2a4e653f nom du réseau wifi  n5545
23/05/2023 15:21:05|info|3300e7bb2a4e653f nom du réseau wifi  n5545
23/05/2023 15:22:54|info|3300e7bb2a4e653f nom du réseau wifi  n5545
23/05/2023 15:23:06|info|le package com.snapchat.android a été désinstaller de l'appareil 3300e7bb2a4e653f
23/05/2023 15:23:43|info|3300e7bb2a4e653f nom du réseau wifi  n5545
23/05/2023 15:24:20|info|le package com.snapchat.android a été désinstaller de l'appareil 3300e7bb2a4e653f
23/05/2023 15:25:44|info|3300e7bb2a4e653f nom du réseau wifi  n5545
23/05/2023 15:26:17|info|le package com.snapchat.android a été désinstaller de l'appareil 3300e7bb2a4e653f
23/05/2023 15:28:25|info|3300e7bb2a4e653f nom du réseau wifi  n5545
23/05/2023 15:28:40|info|3300e7bb2a4e653f nom du réseau wifi  n5545
23/05/2023 15:30:12|info|3300e7bb2a4e653f nom du réseau wifi  n5545
23/05/2023 15:32:29|info|3300e7bb2a4e653f nom du réseau wifi  n5545
23/05/2023 15:32:55|info|3300e7bb2a4e653f nom du réseau wifi  n5545
23/05/2023 15:33:04|info|le package com.snapchat.android a été désinstaller de l'appareil 3300e7bb2a4e653f
23/05/2023 15:33:36|info|3300e7bb2a4e653f nom du réseau wifi  n5545
23/05/2023 15:33:47|info|3300e7bb2a4e653f nom du réseau wifi  n5545
23/05/2023 15:34:54|info|le package com.snapchat.android a été désinstaller de l'appareil 3300e7bb2a4e653f
23/05/2023 15:35:09|info|3300e7bb2a4e653f nom du réseau wifi  n5545
23/05/2023 15:35:26|info|3300e7bb2a4e653f nom du réseau wifi  n5545
23/05/2023 15:35:41|info|3300e7bb2a4e653f nom du réseau wifi  n5545
23/05/2023 15:37:14|info|3300e7bb2a4e653f nom du réseau wifi  n5545
23/05/2023 15:56:23|info|3300e7bb2a4e653f nom du réseau wifi  n5545
23/05/2023 15:56:53|info|3300e7bb2a4e653f nom du réseau wifi  n5545
23/05/2023 16:03:12|error|3300e7bb2a4e653f problème avec l'appareil 
23/05/2023 16:03:55|error|3300e7bb2a4e653f problème avec l'appareil 
23/05/2023 16:10:04|info|3300e7bb2a4e653f nom du réseau wifi  n5545
23/05/2023 16:14:33|info|3300e7bb2a4e653f nom du réseau wifi  n5545
23/05/2023 16:17:32|info|3300e7bb2a4e653f nom du réseau wifi  n5545
23/05/2023 16:19:07|info|3300e7bb2a4e653f nom du réseau wifi  n5545
23/05/2023 16:28:13|info|3300e7bb2a4e653f nom du réseau wifi  n5545
23/05/2023 16:29:03|info|3300e7bb2a4e653f nom du réseau wifi  n5545
23/05/2023 16:30:08|info|3300e7bb2a4e653f nom du réseau wifi  n5545
23/05/2023 16:30:54|info|3300e7bb2a4e653f nom du réseau wifi  n5545
23/05/2023 16:31:05|info|3300e7bb2a4e653f nom du réseau wifi  n5545
23/05/2023 16:31:24|info|3300e7bb2a4e653f nom du réseau wifi  n5545
23/05/2023 16:34:12|info|3300e7bb2a4e653f nom du réseau wifi  n5545
23/05/2023 16:34:23|info|3300e7bb2a4e653f nom du réseau wifi  n5545
23/05/2023 16:47:19|info|3300e7bb2a4e653f nom du réseau wifi  n5545
23/05/2023 16:47:54|info|le package com.snapchat.android a été désinstaller de l'appareil 3300e7bb2a4e653f
23/05/2023 16:49:28|info|3300e7bb2a4e653f nom du réseau wifi  n5545
23/05/2023 16:50:23|info|le package com.snapchat.android a été désinstaller de l'appareil 3300e7bb2a4e653f
23/05/2023 16:54:09|info|3300e7bb2a4e653f nom du réseau wifi  n5545
23/05/2023 16:54:54|info|le package com.snapchat.android a été désinstaller de l'appareil 3300e7bb2a4e653f
23/05/2023 16:55:19|info|3300e7bb2a4e653f nom du réseau wifi  n5545
23/05/2023 16:56:04|info|le package com.snapchat.android a été désinstaller de l'appareil 3300e7bb2a4e653f
23/05/2023 16:57:21|info|3300e7bb2a4e653f nom du réseau wifi  n5545
23/05/2023 17:01:56|info|le package com.snapchat.android a été désinstaller de l'appareil 3300e7bb2a4e653f
23/05/2023 17:03:04|info|3300e7bb2a4e653f nom du réseau wifi  n5545
23/05/2023 17:03:42|info|le package com.snapchat.android a été désinstaller de l'appareil 3300e7bb2a4e653f
23/05/2023 17:04:11|info|3300e7bb2a4e653f nom du réseau wifi  n5545
23/05/2023 17:04:27|info|3300e7bb2a4e653f nom du réseau wifi  n5545
23/05/2023 17:05:01|info|le package com.snapchat.android a été désinstaller de l'appareil 3300e7bb2a4e653f
23/05/2023 17:05:57|info|3300e7bb2a4e653f nom du réseau wifi  n5545
23/05/2023 17:06:10|info|3300e7bb2a4e653f nom du réseau wifi  n5545
23/05/2023 17:06:46|info|le package com.snapchat.android a été désinstaller de l'appareil 3300e7bb2a4e653f
23/05/2023 17:08:12|info|3300e7bb2a4e653f nom du réseau wifi  n5545
23/05/2023 17:08:55|info|le package com.snapchat.android a été désinstaller de l'appareil 3300e7bb2a4e653f
23/05/2023 17:13:04|info|3300e7bb2a4e653f nom du réseau wifi  n5545
23/05/2023 17:16:47|info|le package com.snapchat.android a été désinstaller de l'appareil 3300e7bb2a4e653f
23/05/2023 17:17:01|info|3300e7bb2a4e653f nom du réseau wifi  n5545
23/05/2023 17:17:36|info|le package com.snapchat.android a été désinstaller de l'appareil 3300e7bb2a4e653f
23/05/2023 17:17:56|info|3300e7bb2a4e653f nom du réseau wifi  n5545
23/05/2023 17:20:14|info|3300e7bb2a4e653f nom du réseau wifi  n5545
23/05/2023 17:20:39|info|3300e7bb2a4e653f nom du réseau wifi  n5545
23/05/2023 17:22:11|info|3300e7bb2a4e653f nom du réseau wifi  n5545
23/05/2023 17:24:41|info|3300e7bb2a4e653f nom du réseau wifi  n5545
23/05/2023 17:25:25|info|3300e7bb2a4e653f nom du réseau wifi  n5545
23/05/2023 17:25:36|info|3300e7bb2a4e653f nom du réseau wifi  n5545
23/05/2023 17:26:02|info|3300e7bb2a4e653f nom du réseau wifi  n5545
23/05/2023 17:30:28|info|3300e7bb2a4e653f nom du réseau wifi  n5545
23/05/2023 17:32:03|info|3300e7bb2a4e653f nom du réseau wifi  n5545
23/05/2023 17:33:06|info|3300e7bb2a4e653f nom du réseau wifi  n5545
23/05/2023 17:34:05|info|3300e7bb2a4e653f nom du réseau wifi  n5545
23/05/2023 17:34:15|info|3300e7bb2a4e653f nom du réseau wifi  n5545
23/05/2023 17:34:24|info|3300e7bb2a4e653f nom du réseau wifi  n5545
23/05/2023 17:34:38|info|3300e7bb2a4e653f nom du réseau wifi  n5545
23/05/2023 17:34:58|info|3300e7bb2a4e653f nom du réseau wifi  n5545
23/05/2023 17:35:30|info|3300e7bb2a4e653f nom du réseau wifi  n5545
23/05/2023 17:35:51|info|3300e7bb2a4e653f nom du réseau wifi  n5545
23/05/2023 17:36:08|info|3300e7bb2a4e653f nom du réseau wifi  n5545
23/05/2023 17:36:27|info|3300e7bb2a4e653f nom du réseau wifi  n5545
23/05/2023 17:37:09|info|le package com.snapchat.android a été désinstaller de l'appareil 3300e7bb2a4e653f
23/05/2023 17:37:38|info|3300e7bb2a4e653f nom du réseau wifi  n5545
23/05/2023 17:38:06|info|3300e7bb2a4e653f nom du réseau wifi  n5545
23/05/2023 17:39:05|info|3300e7bb2a4e653f nom du réseau wifi  n5545
23/05/2023 17:39:12|info|le package com.snapchat.android a été désinstaller de l'appareil 3300e7bb2a4e653f
23/05/2023 17:40:34|info|3300e7bb2a4e653f nom du réseau wifi  n5545
23/05/2023 17:41:10|info|le package com.snapchat.android a été désinstaller de l'appareil 3300e7bb2a4e653f
23/05/2023 17:41:28|info|3300e7bb2a4e653f nom du réseau wifi  n5545
23/05/2023 17:41:36|info|3300e7bb2a4e653f nom du réseau wifi  n5545
23/05/2023 17:41:46|info|3300e7bb2a4e653f nom du réseau wifi  n5545
23/05/2023 17:41:57|info|3300e7bb2a4e653f nom du réseau wifi  n5545
23/05/2023 17:42:54|info|3300e7bb2a4e653f nom du réseau wifi  n5545
23/05/2023 17:44:59|info|3300e7bb2a4e653f nom du réseau wifi  n5545
23/05/2023 17:45:10|info|3300e7bb2a4e653f nom du réseau wifi  n5545
23/05/2023 17:45:28|info|3300e7bb2a4e653f nom du réseau wifi  n5545
23/05/2023 17:49:11|info|3300e7bb2a4e653f nom du réseau wifi  n5545
23/05/2023 17:57:31|info|3300e7bb2a4e653f nom du réseau wifi  n5545
23/05/2023 17:57:40|info|3300e7bb2a4e653f nom du réseau wifi  n5545
23/05/2023 18:03:16|info|3300e7bb2a4e653f nom du réseau wifi  n5545
23/05/2023 18:05:13|info|3300e7bb2a4e653f nom du réseau wifi  n5545
23/05/2023 18:07:15|error|3300e7bb2a4e653f Le fichier /Download/Test.txt n'a pas été uploadé
23/05/2023 18:08:00|info|3300e7bb2a4e653f nom du réseau wifi  n5545
23/05/2023 18:15:33|info|3300e7bb2a4e653f nom du réseau wifi  n5545
23/05/2023 18:15:51|error|3300e7bb2a4e653f Le fichier /Download/Test.txt n'a pas été uploadé
23/05/2023 18:16:31|info|3300e7bb2a4e653f nom du réseau wifi  n5545
23/05/2023 18:16:44|error|3300e7bb2a4e653f Le fichier /Download/test.txt n'a pas été uploadé
23/05/2023 18:17:50|info|3300e7bb2a4e653f nom du réseau wifi  n5545
23/05/2023 18:33:41|info|3300e7bb2a4e653f nom du réseau wifi  n5545
23/05/2023 18:34:52|info|3300e7bb2a4e653f nom du réseau wifi  n5545
23/05/2023 18:35:03|error|3300e7bb2a4e653f Le fichier /Download/erz n'a pas été uploadé
23/05/2023 18:35:20|info|3300e7bb2a4e653f nom du réseau wifi  n5545
23/05/2023 18:36:38|info|3300e7bb2a4e653f nom du réseau wifi  n5545
23/05/2023 18:36:48|error|3300e7bb2a4e653f Le fichier /Download/te n'a pas été uploadé
23/05/2023 18:37:04|info|3300e7bb2a4e653f nom du réseau wifi  n5545
