18/05/2023 13:08:00|info|3300e7bb2a4e653f nom du réseau wifi none
18/05/2023 13:08:59|info|3300e7bb2a4e653f nom du réseau wifi none
18/05/2023 13:09:27|info|3300e7bb2a4e653f nom du réseau wifi none
18/05/2023 13:10:31|info|3300e7bb2a4e653f nom du réseau wifi none
18/05/2023 13:10:41|info|3300e7bb2a4e653f nom du réseau wifi none
18/05/2023 13:15:14|info|3300e7bb2a4e653f nom du réseau wifi none
18/05/2023 13:15:55|info|3300e7bb2a4e653f nom du réseau wifi none
18/05/2023 13:16:22|info|3300e7bb2a4e653f nom du réseau wifi none
18/05/2023 13:16:33|info|3300e7bb2a4e653f nom du réseau wifi none
18/05/2023 13:16:43|info|3300e7bb2a4e653f nom du réseau wifi none
18/05/2023 13:17:58|info|3300e7bb2a4e653f nom du réseau wifi none
18/05/2023 13:18:27|info|3300e7bb2a4e653f nom du réseau wifi none
18/05/2023 13:19:10|info|3300e7bb2a4e653f nom du réseau wifi none
18/05/2023 13:19:57|info|3300e7bb2a4e653f nom du réseau wifi none
18/05/2023 13:20:01|info|3300e7bb2a4e653f nom du réseau wifi none
18/05/2023 13:20:09|info|3300e7bb2a4e653f nom du réseau wifi none
18/05/2023 13:20:22|info|3300e7bb2a4e653f nom du réseau wifi none
18/05/2023 13:21:10|info|3300e7bb2a4e653f nom du réseau wifi none
18/05/2023 13:23:38|info|3300e7bb2a4e653f nom du réseau wifi none
18/05/2023 13:23:51|info|3300e7bb2a4e653f nom du réseau wifi none
18/05/2023 13:28:54|info|3300e7bb2a4e653f nom du réseau wifi none
18/05/2023 13:29:42|info|3300e7bb2a4e653f nom du réseau wifi none
18/05/2023 13:29:49|info|3300e7bb2a4e653f nom du réseau wifi none
18/05/2023 13:30:03|info|3300e7bb2a4e653f nom du réseau wifi none
18/05/2023 13:31:44|info|0 is not connected
18/05/2023 13:32:00|info|0 is not connected
18/05/2023 13:32:05|info|0 is not connected
18/05/2023 13:32:25|info|0 is not connected
18/05/2023 13:35:40|info|3300e7bb2a4e653f nom du réseau wifi none
18/05/2023 13:35:47|info|3300e7bb2a4e653f nom du réseau wifi none
18/05/2023 13:36:19|info|3300e7bb2a4e653f nom du réseau wifi none
18/05/2023 13:37:36|info|3300e7bb2a4e653f nom du réseau wifi none
18/05/2023 13:38:18|info|3300e7bb2a4e653f nom du réseau wifi none
18/05/2023 13:39:07|info|3300e7bb2a4e653f nom du réseau wifi none
18/05/2023 13:40:09|info|3300e7bb2a4e653f nom du réseau wifi none
18/05/2023 13:40:46|info|3300e7bb2a4e653f nom du réseau wifi none
18/05/2023 13:41:41|info|3300e7bb2a4e653f nom du réseau wifi none
18/05/2023 13:41:51|info|3300e7bb2a4e653f nom du réseau wifi none
18/05/2023 13:42:02|info|3300e7bb2a4e653f nom du réseau wifi none
18/05/2023 13:42:15|info|3300e7bb2a4e653f nom du réseau wifi none
18/05/2023 13:42:20|info|3300e7bb2a4e653f nom du réseau wifi none
18/05/2023 13:42:55|info|3300e7bb2a4e653f nom du réseau wifi none
18/05/2023 13:43:22|info|3300e7bb2a4e653f nom du réseau wifi none
18/05/2023 13:43:26|info|3300e7bb2a4e653f nom du réseau wifi none
18/05/2023 13:43:51|info|3300e7bb2a4e653f nom du réseau wifi none
18/05/2023 13:44:19|info|3300e7bb2a4e653f nom du réseau wifi none
18/05/2023 13:45:45|info|3300e7bb2a4e653f nom du réseau wifi none
18/05/2023 13:47:03|info|3300e7bb2a4e653f nom du réseau wifi none
18/05/2023 13:48:05|info|3300e7bb2a4e653f nom du réseau wifi none
18/05/2023 13:50:40|info|3300e7bb2a4e653f nom du réseau wifi none
18/05/2023 13:52:24|info|3300e7bb2a4e653f nom du réseau wifi none
18/05/2023 13:52:52|info|3300e7bb2a4e653f nom du réseau wifi none
18/05/2023 13:53:29|info|3300e7bb2a4e653f nom du réseau wifi none
18/05/2023 13:53:52|info|3300e7bb2a4e653f nom du réseau wifi none
18/05/2023 13:58:43|info|3300e7bb2a4e653f nom du réseau wifi none
18/05/2023 13:58:44|info|3300e7bb2a4e653f nom du réseau wifi none
18/05/2023 14:00:07|31merror|31m3300e7bb2a4e653f Le fichier /sdcard/example.txt n'a pas été uploadé
18/05/2023 14:02:20|31merror|31m3300e7bb2a4e653f Le fichier /sdcard/example.txt n'a pas été uploadé
18/05/2023 14:03:19|info|3300e7bb2a4e653f nom du réseau wifi none
18/05/2023 14:03:49|info|3300e7bb2a4e653f nom du réseau wifi none
18/05/2023 14:04:04|info|3300e7bb2a4e653f nom du réseau wifi none
18/05/2023 14:05:09|info|3300e7bb2a4e653f nom du réseau wifi none
18/05/2023 14:05:39|info|3300e7bb2a4e653f nom du réseau wifi none
18/05/2023 14:05:54|info|3300e7bb2a4e653f nom du réseau wifi none
18/05/2023 14:05:56|info|3300e7bb2a4e653f nom du réseau wifi none
18/05/2023 14:06:20|info|3300e7bb2a4e653f nom du réseau wifi none
18/05/2023 14:07:28|info|3300e7bb2a4e653f nom du réseau wifi none
18/05/2023 14:07:38|info|3300e7bb2a4e653f nom du réseau wifi none
18/05/2023 14:07:46|info|3300e7bb2a4e653f nom du réseau wifi none
18/05/2023 14:07:56|info|3300e7bb2a4e653f nom du réseau wifi none
18/05/2023 14:10:20|info|3300e7bb2a4e653f nom du réseau wifi none
18/05/2023 14:10:39|info|3300e7bb2a4e653f nom du réseau wifi none
18/05/2023 14:10:43|info|3300e7bb2a4e653f nom du réseau wifi none
18/05/2023 14:11:33|info|3300e7bb2a4e653f nom du réseau wifi none
18/05/2023 14:13:18|info|3300e7bb2a4e653f nom du réseau wifi none
18/05/2023 14:14:20|info|3300e7bb2a4e653f nom du réseau wifi none
18/05/2023 14:15:44|info|3300e7bb2a4e653f nom du réseau wifi none
18/05/2023 14:16:07|info|3300e7bb2a4e653f nom du réseau wifi none
18/05/2023 14:16:25|info|3300e7bb2a4e653f nom du réseau wifi none
18/05/2023 14:17:21|info|3300e7bb2a4e653f nom du réseau wifi none
18/05/2023 14:17:39|info|3300e7bb2a4e653f nom du réseau wifi none
18/05/2023 14:18:20|info|3300e7bb2a4e653f nom du réseau wifi none
18/05/2023 14:23:53|info|3300e7bb2a4e653f nom du réseau wifi none
18/05/2023 14:27:49|info|3300e7bb2a4e653f nom du réseau wifi none
18/05/2023 14:28:19|info|3300e7bb2a4e653f nom du réseau wifi none
18/05/2023 14:28:44|info|3300e7bb2a4e653f nom du réseau wifi none
18/05/2023 14:40:09|info|3300e7bb2a4e653f nom du réseau wifi none
18/05/2023 14:40:21|info|3300e7bb2a4e653f nom du réseau wifi none
18/05/2023 14:41:44|info|3300e7bb2a4e653f nom du réseau wifi none
18/05/2023 14:43:31|info|3300e7bb2a4e653f nom du réseau wifi none
18/05/2023 14:44:07|info|3300e7bb2a4e653f nom du réseau wifi none
18/05/2023 14:44:11|info|3300e7bb2a4e653f nom du réseau wifi none
18/05/2023 14:44:17|info|3300e7bb2a4e653f nom du réseau wifi none
18/05/2023 14:44:21|info|3300e7bb2a4e653f nom du réseau wifi none
18/05/2023 14:44:48|info|3300e7bb2a4e653f nom du réseau wifi none
18/05/2023 14:44:56|info|3300e7bb2a4e653f nom du réseau wifi none
18/05/2023 14:46:47|info|3300e7bb2a4e653f nom du réseau wifi none
18/05/2023 14:47:01|info|3300e7bb2a4e653f nom du réseau wifi none
18/05/2023 14:47:06|info|3300e7bb2a4e653f nom du réseau wifi none
18/05/2023 14:51:45|info|3300e7bb2a4e653f nom du réseau wifi none
18/05/2023 14:53:52|info|3300e7bb2a4e653f nom du réseau wifi none
18/05/2023 14:54:25|info|3300e7bb2a4e653f nom du réseau wifi none
18/05/2023 14:54:39|info|existe sur 3300e7bb2a4e653f
18/05/2023 14:54:39|info|Installing wifiManager.apk on the following devices 3300e7bb2a4e653f
18/05/2023 14:54:42|info|3300e7bb2a4e653f nom du réseau wifi none
18/05/2023 14:54:43|info|3300e7bb2a4e653f nom du réseau wifi none
18/05/2023 14:55:09|info|3300e7bb2a4e653f nom du réseau wifi none
18/05/2023 14:56:10|info|3300e7bb2a4e653f nom du réseau wifi none
18/05/2023 14:56:18|info|3300e7bb2a4e653f nom du réseau wifi none
18/05/2023 14:56:29|info|3300e7bb2a4e653f nom du réseau wifi none
18/05/2023 15:03:44|info|3300e7bb2a4e653f nom du réseau wifi none
18/05/2023 15:03:59|info|3300e7bb2a4e653f nom du réseau wifi none
18/05/2023 15:04:13|info|3300e7bb2a4e653f nom du réseau wifi none
18/05/2023 15:04:38|info|3300e7bb2a4e653f nom du réseau wifi none
18/05/2023 15:04:41|info|3300e7bb2a4e653f nom du réseau wifi none
18/05/2023 15:04:47|info|3300e7bb2a4e653f nom du réseau wifi none
18/05/2023 15:05:00|info|3300e7bb2a4e653f nom du réseau wifi none
18/05/2023 15:06:09|info|3300e7bb2a4e653f nom du réseau wifi none
18/05/2023 15:06:45|info|3300e7bb2a4e653f nom du réseau wifi none
18/05/2023 15:07:02|info|3300e7bb2a4e653f nom du réseau wifi none
18/05/2023 15:08:07|info|3300e7bb2a4e653f nom du réseau wifi none
18/05/2023 15:08:21|info|3300e7bb2a4e653f nom du réseau wifi none
18/05/2023 15:08:29|info|3300e7bb2a4e653f nom du réseau wifi none
18/05/2023 15:08:37|info|3300e7bb2a4e653f nom du réseau wifi none
18/05/2023 15:09:05|info|3300e7bb2a4e653f nom du réseau wifi none
18/05/2023 15:09:24|info|3300e7bb2a4e653f nom du réseau wifi none
18/05/2023 15:09:32|info|3300e7bb2a4e653f nom du réseau wifi none
18/05/2023 15:14:37|info|3300e7bb2a4e653f nom du réseau wifi none
18/05/2023 15:17:21|info|3300e7bb2a4e653f nom du réseau wifi none
18/05/2023 15:18:16|info|3300e7bb2a4e653f nom du réseau wifi none
18/05/2023 15:20:06|info|3300e7bb2a4e653f nom du réseau wifi none
18/05/2023 15:20:39|info|3300e7bb2a4e653f nom du réseau wifi none
18/05/2023 15:21:00|info|3300e7bb2a4e653f nom du réseau wifi none
18/05/2023 15:21:18|info|3300e7bb2a4e653f nom du réseau wifi none
18/05/2023 15:26:29|info|3300e7bb2a4e653f nom du réseau wifi none
18/05/2023 15:27:58|info|3300e7bb2a4e653f nom du réseau wifi none
18/05/2023 15:28:48|info|3300e7bb2a4e653f nom du réseau wifi none
18/05/2023 15:31:57|info|3300e7bb2a4e653f nom du réseau wifi none
18/05/2023 15:32:26|info|3300e7bb2a4e653f nom du réseau wifi none
18/05/2023 15:32:42|info|3300e7bb2a4e653f nom du réseau wifi none
18/05/2023 15:34:24|info|3300e7bb2a4e653f nom du réseau wifi none
18/05/2023 15:34:59|info|3300e7bb2a4e653f nom du réseau wifi none
18/05/2023 15:37:55|info|3300e7bb2a4e653f nom du réseau wifi none
18/05/2023 15:44:10|info|3300e7bb2a4e653f nom du réseau wifi none
18/05/2023 15:44:51|info|3300e7bb2a4e653f nom du réseau wifi none
18/05/2023 15:47:19|info|3300e7bb2a4e653f nom du réseau wifi none
18/05/2023 15:48:24|info|3300e7bb2a4e653f nom du réseau wifi none
18/05/2023 15:55:05|info|3300e7bb2a4e653f nom du réseau wifi none
18/05/2023 16:09:11|info|3300e7bb2a4e653f nom du réseau wifi none
18/05/2023 16:09:41|info|3300e7bb2a4e653f nom du réseau wifi none
18/05/2023 16:10:08|info|3300e7bb2a4e653f nom du réseau wifi none
18/05/2023 16:11:35|info|3300e7bb2a4e653f nom du réseau wifi none
18/05/2023 16:12:24|info|3300e7bb2a4e653f nom du réseau wifi none
18/05/2023 16:13:17|info|3300e7bb2a4e653f nom du réseau wifi none
18/05/2023 16:14:10|info|3300e7bb2a4e653f nom du réseau wifi none
18/05/2023 16:16:27|info|3300e7bb2a4e653f nom du réseau wifi none
18/05/2023 16:17:09|info|3300e7bb2a4e653f nom du réseau wifi none
18/05/2023 16:18:49|info|3300e7bb2a4e653f nom du réseau wifi none
18/05/2023 16:19:11|info|3300e7bb2a4e653f nom du réseau wifi none
18/05/2023 16:19:15|info|3300e7bb2a4e653f nom du réseau wifi none
18/05/2023 16:21:09|info|3300e7bb2a4e653f nom du réseau wifi none
18/05/2023 16:29:58|info|3300e7bb2a4e653f nom du réseau wifi none
18/05/2023 16:32:50|info|3300e7bb2a4e653f nom du réseau wifi none
18/05/2023 16:33:31|info|3300e7bb2a4e653f nom du réseau wifi none
18/05/2023 16:33:50|info|3300e7bb2a4e653f nom du réseau wifi none
18/05/2023 16:34:08|info|3300e7bb2a4e653f nom du réseau wifi none
18/05/2023 16:35:13|info|3300e7bb2a4e653f nom du réseau wifi none
18/05/2023 16:35:49|info|3300e7bb2a4e653f nom du réseau wifi none
18/05/2023 16:37:22|info|3300e7bb2a4e653f nom du réseau wifi none
18/05/2023 16:37:40|info|3300e7bb2a4e653f nom du réseau wifi none
18/05/2023 16:39:39|info|3300e7bb2a4e653f nom du réseau wifi none
18/05/2023 16:43:37|info|3300e7bb2a4e653f nom du réseau wifi none
18/05/2023 16:43:57|info|3300e7bb2a4e653f nom du réseau wifi none
18/05/2023 16:44:37|info|3300e7bb2a4e653f nom du réseau wifi none
18/05/2023 16:45:23|info|3300e7bb2a4e653f nom du réseau wifi none
18/05/2023 16:47:47|info|3300e7bb2a4e653f nom du réseau wifi none
