17/05/2023 13:52:51|info|réseau wifi du 330084c792f27527 none
17/05/2023 13:52:51|info|réseau wifi du R5CT62R76BN none
17/05/2023 13:53:05|info|Wifi activé sur 330084c792f27527? true
17/05/2023 13:53:06|info|Wifi activé sur R5CT62R76BN? false
17/05/2023 13:53:06|info|résultat de l'activation true du wifi true
17/05/2023 13:53:10|info|Wifi activé sur 330084c792f27527? true
17/05/2023 13:53:10|info|Wifi activé sur R5CT62R76BN? false
17/05/2023 13:53:10|info|résultat de l'activation true du wifi false
17/05/2023 13:53:14|info|Wifi activé sur 330084c792f27527? true
17/05/2023 13:53:14|info|Wifi activé sur R5CT62R76BN? false
17/05/2023 16:23:35|info|3300e7bb2a4e653f nom du réseau wifi none
17/05/2023 16:23:40|info|3300e7bb2a4e653f nom du réseau wifi none
17/05/2023 16:23:45|info|3300e7bb2a4e653f nom du réseau wifi none
17/05/2023 16:23:50|info|3300e7bb2a4e653f nom du réseau wifi none
17/05/2023 16:23:50|info|0 is not connected
17/05/2023 16:23:55|info|3300e7bb2a4e653f nom du réseau wifi none
17/05/2023 16:24:00|info|3300e7bb2a4e653f nom du réseau wifi none
17/05/2023 16:24:05|info|3300e7bb2a4e653f nom du réseau wifi none
17/05/2023 16:24:10|info|3300e7bb2a4e653f nom du réseau wifi none
17/05/2023 16:24:15|info|3300e7bb2a4e653f nom du réseau wifi none
17/05/2023 16:24:20|info|3300e7bb2a4e653f nom du réseau wifi none
17/05/2023 16:24:20|info|0 is not connected
17/05/2023 16:24:25|info|3300e7bb2a4e653f nom du réseau wifi none
17/05/2023 16:24:30|info|3300e7bb2a4e653f nom du réseau wifi none
17/05/2023 16:24:35|info|3300e7bb2a4e653f nom du réseau wifi none
17/05/2023 16:24:40|info|3300e7bb2a4e653f nom du réseau wifi none
17/05/2023 16:24:45|info|3300e7bb2a4e653f nom du réseau wifi none
17/05/2023 16:24:50|info|3300e7bb2a4e653f nom du réseau wifi none
17/05/2023 16:24:55|info|3300e7bb2a4e653f nom du réseau wifi none
17/05/2023 16:25:00|info|3300e7bb2a4e653f nom du réseau wifi none
17/05/2023 16:25:05|info|3300e7bb2a4e653f nom du réseau wifi none
17/05/2023 16:25:10|info|3300e7bb2a4e653f nom du réseau wifi none
17/05/2023 16:25:15|info|3300e7bb2a4e653f nom du réseau wifi none
17/05/2023 16:25:20|info|3300e7bb2a4e653f nom du réseau wifi none
17/05/2023 16:25:25|info|3300e7bb2a4e653f nom du réseau wifi none
17/05/2023 16:25:29|info|3300e7bb2a4e653f nom du réseau wifi none
17/05/2023 16:25:35|info|3300e7bb2a4e653f nom du réseau wifi none
17/05/2023 16:25:39|info|3300e7bb2a4e653f nom du réseau wifi none
17/05/2023 16:25:45|info|3300e7bb2a4e653f nom du réseau wifi none
17/05/2023 16:25:49|info|3300e7bb2a4e653f nom du réseau wifi none
17/05/2023 16:25:55|info|3300e7bb2a4e653f nom du réseau wifi none
17/05/2023 16:25:59|info|3300e7bb2a4e653f nom du réseau wifi none
17/05/2023 16:26:05|info|3300e7bb2a4e653f nom du réseau wifi none
17/05/2023 16:26:09|info|3300e7bb2a4e653f nom du réseau wifi none
17/05/2023 16:26:15|info|3300e7bb2a4e653f nom du réseau wifi none
17/05/2023 16:26:19|info|3300e7bb2a4e653f nom du réseau wifi none
17/05/2023 16:26:25|info|3300e7bb2a4e653f nom du réseau wifi none
17/05/2023 16:26:29|info|3300e7bb2a4e653f nom du réseau wifi none
17/05/2023 16:26:35|info|3300e7bb2a4e653f nom du réseau wifi none
17/05/2023 16:26:39|info|3300e7bb2a4e653f nom du réseau wifi none
17/05/2023 16:26:45|info|3300e7bb2a4e653f nom du réseau wifi none
17/05/2023 16:26:52|info|3300e7bb2a4e653f nom du réseau wifi none
17/05/2023 16:26:59|info|3300e7bb2a4e653f nom du réseau wifi none
17/05/2023 16:27:04|info|3300e7bb2a4e653f nom du réseau wifi none
17/05/2023 16:27:08|info|3300e7bb2a4e653f nom du réseau wifi none
17/05/2023 16:27:14|info|3300e7bb2a4e653f nom du réseau wifi none
17/05/2023 16:27:18|info|3300e7bb2a4e653f nom du réseau wifi none
17/05/2023 16:27:23|info|3300e7bb2a4e653f nom du réseau wifi none
17/05/2023 16:27:28|info|3300e7bb2a4e653f nom du réseau wifi none
17/05/2023 16:27:35|info|3300e7bb2a4e653f nom du réseau wifi none
17/05/2023 16:27:40|info|3300e7bb2a4e653f nom du réseau wifi none
17/05/2023 16:27:45|info|3300e7bb2a4e653f nom du réseau wifi none
17/05/2023 16:27:50|info|3300e7bb2a4e653f nom du réseau wifi none
17/05/2023 16:27:55|info|3300e7bb2a4e653f nom du réseau wifi none
17/05/2023 16:28:00|info|3300e7bb2a4e653f nom du réseau wifi none
17/05/2023 16:28:05|info|3300e7bb2a4e653f nom du réseau wifi none
17/05/2023 16:28:10|info|3300e7bb2a4e653f nom du réseau wifi none
17/05/2023 16:28:15|info|3300e7bb2a4e653f nom du réseau wifi none
17/05/2023 16:28:20|info|3300e7bb2a4e653f nom du réseau wifi none
17/05/2023 16:28:25|info|3300e7bb2a4e653f nom du réseau wifi none
17/05/2023 16:28:32|info|3300e7bb2a4e653f nom du réseau wifi none
17/05/2023 16:28:38|info|3300e7bb2a4e653f nom du réseau wifi none
17/05/2023 16:28:48|info|3300e7bb2a4e653f nom du réseau wifi none
17/05/2023 16:28:54|info|3300e7bb2a4e653f nom du réseau wifi none
17/05/2023 16:28:59|info|3300e7bb2a4e653f nom du réseau wifi none
17/05/2023 16:29:04|info|3300e7bb2a4e653f nom du réseau wifi none
17/05/2023 16:29:09|info|3300e7bb2a4e653f nom du réseau wifi none
17/05/2023 16:29:18|info|3300e7bb2a4e653f nom du réseau wifi none
17/05/2023 16:29:23|info|3300e7bb2a4e653f nom du réseau wifi none
17/05/2023 16:29:28|info|3300e7bb2a4e653f nom du réseau wifi none
17/05/2023 16:29:33|info|3300e7bb2a4e653f nom du réseau wifi none
17/05/2023 16:29:38|info|3300e7bb2a4e653f nom du réseau wifi none
17/05/2023 16:29:43|info|3300e7bb2a4e653f nom du réseau wifi none
17/05/2023 16:29:48|info|3300e7bb2a4e653f nom du réseau wifi none
17/05/2023 16:29:53|info|3300e7bb2a4e653f nom du réseau wifi none
17/05/2023 16:29:58|info|3300e7bb2a4e653f nom du réseau wifi none
17/05/2023 16:30:03|info|3300e7bb2a4e653f nom du réseau wifi none
17/05/2023 16:30:08|info|3300e7bb2a4e653f nom du réseau wifi none
17/05/2023 16:30:13|info|3300e7bb2a4e653f nom du réseau wifi none
17/05/2023 16:30:18|info|3300e7bb2a4e653f nom du réseau wifi none
17/05/2023 16:30:23|info|3300e7bb2a4e653f nom du réseau wifi none
17/05/2023 16:30:28|info|3300e7bb2a4e653f nom du réseau wifi none
17/05/2023 16:30:33|info|3300e7bb2a4e653f nom du réseau wifi none
17/05/2023 16:30:38|info|3300e7bb2a4e653f nom du réseau wifi none
17/05/2023 16:30:43|info|3300e7bb2a4e653f nom du réseau wifi none
17/05/2023 16:30:48|info|3300e7bb2a4e653f nom du réseau wifi none
17/05/2023 16:30:53|info|3300e7bb2a4e653f nom du réseau wifi none
17/05/2023 16:30:58|info|3300e7bb2a4e653f nom du réseau wifi none
17/05/2023 16:31:03|info|3300e7bb2a4e653f nom du réseau wifi none
17/05/2023 16:31:08|info|3300e7bb2a4e653f nom du réseau wifi none
17/05/2023 16:31:13|info|3300e7bb2a4e653f nom du réseau wifi none
17/05/2023 16:31:18|info|3300e7bb2a4e653f nom du réseau wifi none
17/05/2023 16:31:23|info|3300e7bb2a4e653f nom du réseau wifi none
17/05/2023 16:31:28|info|3300e7bb2a4e653f nom du réseau wifi none
17/05/2023 16:31:33|info|3300e7bb2a4e653f nom du réseau wifi none
17/05/2023 16:31:38|info|3300e7bb2a4e653f nom du réseau wifi none
17/05/2023 16:31:43|info|3300e7bb2a4e653f nom du réseau wifi none
17/05/2023 16:31:48|info|3300e7bb2a4e653f nom du réseau wifi none
17/05/2023 16:31:53|info|3300e7bb2a4e653f nom du réseau wifi none
17/05/2023 16:31:58|info|3300e7bb2a4e653f nom du réseau wifi none
17/05/2023 16:32:03|info|3300e7bb2a4e653f nom du réseau wifi none
17/05/2023 16:32:08|info|3300e7bb2a4e653f nom du réseau wifi none
17/05/2023 16:32:13|info|3300e7bb2a4e653f nom du réseau wifi none
17/05/2023 16:32:18|info|3300e7bb2a4e653f nom du réseau wifi none
17/05/2023 16:32:23|info|3300e7bb2a4e653f nom du réseau wifi none
17/05/2023 16:32:28|info|3300e7bb2a4e653f nom du réseau wifi none
17/05/2023 16:32:33|info|3300e7bb2a4e653f nom du réseau wifi none
17/05/2023 16:32:38|info|3300e7bb2a4e653f nom du réseau wifi none
17/05/2023 16:32:43|info|3300e7bb2a4e653f nom du réseau wifi none
17/05/2023 16:32:48|info|3300e7bb2a4e653f nom du réseau wifi none
17/05/2023 16:32:53|info|3300e7bb2a4e653f nom du réseau wifi none
17/05/2023 16:32:58|info|3300e7bb2a4e653f nom du réseau wifi none
17/05/2023 16:33:04|info|3300e7bb2a4e653f nom du réseau wifi none
17/05/2023 16:33:08|info|3300e7bb2a4e653f nom du réseau wifi none
17/05/2023 16:33:14|info|3300e7bb2a4e653f nom du réseau wifi none
17/05/2023 16:33:19|info|3300e7bb2a4e653f nom du réseau wifi none
17/05/2023 16:33:24|info|3300e7bb2a4e653f nom du réseau wifi none
17/05/2023 16:33:29|info|3300e7bb2a4e653f nom du réseau wifi none
17/05/2023 16:33:39|info|3300e7bb2a4e653f nom du réseau wifi none
17/05/2023 16:33:45|info|3300e7bb2a4e653f nom du réseau wifi none
17/05/2023 16:33:49|info|3300e7bb2a4e653f nom du réseau wifi none
17/05/2023 16:33:54|info|3300e7bb2a4e653f nom du réseau wifi none
17/05/2023 16:33:59|info|3300e7bb2a4e653f nom du réseau wifi none
17/05/2023 16:34:04|info|3300e7bb2a4e653f nom du réseau wifi none
17/05/2023 16:34:09|info|3300e7bb2a4e653f nom du réseau wifi none
17/05/2023 16:34:14|info|3300e7bb2a4e653f nom du réseau wifi none
17/05/2023 16:34:19|info|3300e7bb2a4e653f nom du réseau wifi none
17/05/2023 16:34:24|info|3300e7bb2a4e653f nom du réseau wifi none
17/05/2023 16:34:29|info|3300e7bb2a4e653f nom du réseau wifi none
17/05/2023 16:34:34|info|3300e7bb2a4e653f nom du réseau wifi none
17/05/2023 16:34:39|info|3300e7bb2a4e653f nom du réseau wifi none
17/05/2023 16:34:45|info|3300e7bb2a4e653f nom du réseau wifi none
17/05/2023 16:34:50|info|3300e7bb2a4e653f nom du réseau wifi none
17/05/2023 16:34:55|info|3300e7bb2a4e653f nom du réseau wifi none
17/05/2023 16:35:00|info|3300e7bb2a4e653f nom du réseau wifi none
17/05/2023 16:35:05|info|3300e7bb2a4e653f nom du réseau wifi none
17/05/2023 16:35:10|info|3300e7bb2a4e653f nom du réseau wifi none
17/05/2023 16:35:15|info|3300e7bb2a4e653f nom du réseau wifi none
17/05/2023 16:35:20|info|3300e7bb2a4e653f nom du réseau wifi none
17/05/2023 16:35:25|info|3300e7bb2a4e653f nom du réseau wifi none
17/05/2023 16:35:30|info|3300e7bb2a4e653f nom du réseau wifi none
17/05/2023 16:35:35|info|3300e7bb2a4e653f nom du réseau wifi none
17/05/2023 16:35:40|info|3300e7bb2a4e653f nom du réseau wifi none
17/05/2023 16:35:45|info|3300e7bb2a4e653f nom du réseau wifi none
17/05/2023 16:35:50|info|3300e7bb2a4e653f nom du réseau wifi none
17/05/2023 16:35:55|info|3300e7bb2a4e653f nom du réseau wifi none
17/05/2023 16:36:00|info|3300e7bb2a4e653f nom du réseau wifi none
17/05/2023 16:36:08|info|3300e7bb2a4e653f nom du réseau wifi none
17/05/2023 16:36:14|info|3300e7bb2a4e653f nom du réseau wifi none
17/05/2023 16:36:24|info|3300e7bb2a4e653f nom du réseau wifi none
17/05/2023 16:36:32|info|3300e7bb2a4e653f nom du réseau wifi none
17/05/2023 16:36:37|info|3300e7bb2a4e653f nom du réseau wifi none
17/05/2023 16:36:42|info|3300e7bb2a4e653f nom du réseau wifi none
17/05/2023 16:36:47|info|3300e7bb2a4e653f nom du réseau wifi none
17/05/2023 16:36:52|info|3300e7bb2a4e653f nom du réseau wifi none
17/05/2023 16:36:57|info|3300e7bb2a4e653f nom du réseau wifi none
17/05/2023 16:37:02|info|3300e7bb2a4e653f nom du réseau wifi none
17/05/2023 16:37:07|info|3300e7bb2a4e653f nom du réseau wifi none
17/05/2023 16:37:12|info|3300e7bb2a4e653f nom du réseau wifi none
17/05/2023 16:37:17|info|3300e7bb2a4e653f nom du réseau wifi none
17/05/2023 16:37:22|info|3300e7bb2a4e653f nom du réseau wifi none
17/05/2023 16:37:27|info|3300e7bb2a4e653f nom du réseau wifi none
17/05/2023 16:37:32|info|3300e7bb2a4e653f nom du réseau wifi none
17/05/2023 16:37:37|info|3300e7bb2a4e653f nom du réseau wifi none
17/05/2023 16:37:42|info|3300e7bb2a4e653f nom du réseau wifi none
17/05/2023 16:37:47|info|3300e7bb2a4e653f nom du réseau wifi none
17/05/2023 16:37:52|info|3300e7bb2a4e653f nom du réseau wifi none
17/05/2023 16:37:57|info|3300e7bb2a4e653f nom du réseau wifi none
17/05/2023 16:38:02|info|3300e7bb2a4e653f nom du réseau wifi none
17/05/2023 16:38:07|info|3300e7bb2a4e653f nom du réseau wifi none
17/05/2023 16:38:12|info|3300e7bb2a4e653f nom du réseau wifi none
17/05/2023 16:38:17|info|3300e7bb2a4e653f nom du réseau wifi none
17/05/2023 16:38:22|info|3300e7bb2a4e653f nom du réseau wifi none
17/05/2023 16:38:27|info|3300e7bb2a4e653f nom du réseau wifi none
17/05/2023 16:38:32|info|3300e7bb2a4e653f nom du réseau wifi none
17/05/2023 16:38:37|info|3300e7bb2a4e653f nom du réseau wifi none
17/05/2023 16:38:42|info|3300e7bb2a4e653f nom du réseau wifi none
17/05/2023 16:38:47|info|3300e7bb2a4e653f nom du réseau wifi none
17/05/2023 16:38:52|info|3300e7bb2a4e653f nom du réseau wifi none
17/05/2023 16:38:57|info|3300e7bb2a4e653f nom du réseau wifi none
17/05/2023 16:39:02|info|3300e7bb2a4e653f nom du réseau wifi none
17/05/2023 16:39:07|info|3300e7bb2a4e653f nom du réseau wifi none
17/05/2023 16:39:12|info|3300e7bb2a4e653f nom du réseau wifi none
17/05/2023 16:39:17|info|3300e7bb2a4e653f nom du réseau wifi none
17/05/2023 16:39:22|info|3300e7bb2a4e653f nom du réseau wifi none
17/05/2023 16:39:27|info|3300e7bb2a4e653f nom du réseau wifi none
17/05/2023 16:39:35|info|3300e7bb2a4e653f nom du réseau wifi none
17/05/2023 16:39:40|info|3300e7bb2a4e653f nom du réseau wifi none
17/05/2023 16:39:44|info|3300e7bb2a4e653f nom du réseau wifi none
17/05/2023 16:39:50|info|3300e7bb2a4e653f nom du réseau wifi none
17/05/2023 16:39:55|info|3300e7bb2a4e653f nom du réseau wifi none
17/05/2023 16:39:59|info|3300e7bb2a4e653f nom du réseau wifi none
17/05/2023 16:40:05|info|3300e7bb2a4e653f nom du réseau wifi none
17/05/2023 16:40:09|info|3300e7bb2a4e653f nom du réseau wifi none
17/05/2023 16:40:15|info|3300e7bb2a4e653f nom du réseau wifi none
17/05/2023 16:40:21|info|3300e7bb2a4e653f nom du réseau wifi none
17/05/2023 16:40:26|info|3300e7bb2a4e653f nom du réseau wifi none
17/05/2023 16:40:31|info|3300e7bb2a4e653f nom du réseau wifi none
17/05/2023 16:40:36|info|3300e7bb2a4e653f nom du réseau wifi none
17/05/2023 16:40:41|info|3300e7bb2a4e653f nom du réseau wifi none
17/05/2023 16:40:46|info|3300e7bb2a4e653f nom du réseau wifi none
17/05/2023 16:40:51|info|3300e7bb2a4e653f nom du réseau wifi none
17/05/2023 16:40:55|info|3300e7bb2a4e653f nom du réseau wifi none
17/05/2023 16:41:06|info|3300e7bb2a4e653f nom du réseau wifi none
17/05/2023 16:41:11|info|3300e7bb2a4e653f nom du réseau wifi none
17/05/2023 16:41:16|info|3300e7bb2a4e653f nom du réseau wifi none
17/05/2023 16:41:21|info|3300e7bb2a4e653f nom du réseau wifi none
17/05/2023 16:41:26|info|3300e7bb2a4e653f nom du réseau wifi none
17/05/2023 16:41:31|info|3300e7bb2a4e653f nom du réseau wifi none
17/05/2023 16:41:36|info|3300e7bb2a4e653f nom du réseau wifi none
17/05/2023 16:41:41|info|3300e7bb2a4e653f nom du réseau wifi none
17/05/2023 16:41:46|info|3300e7bb2a4e653f nom du réseau wifi none
17/05/2023 16:41:51|info|3300e7bb2a4e653f nom du réseau wifi none
17/05/2023 16:41:56|info|3300e7bb2a4e653f nom du réseau wifi none
17/05/2023 16:42:01|info|3300e7bb2a4e653f nom du réseau wifi none
17/05/2023 16:42:10|info|3300e7bb2a4e653f nom du réseau wifi none
17/05/2023 16:42:19|info|3300e7bb2a4e653f nom du réseau wifi none
17/05/2023 16:42:24|info|3300e7bb2a4e653f nom du réseau wifi none
17/05/2023 16:42:29|info|3300e7bb2a4e653f nom du réseau wifi none
17/05/2023 16:42:34|info|3300e7bb2a4e653f nom du réseau wifi none
17/05/2023 16:42:39|info|3300e7bb2a4e653f nom du réseau wifi none
17/05/2023 16:42:44|info|3300e7bb2a4e653f nom du réseau wifi none
17/05/2023 16:42:49|info|3300e7bb2a4e653f nom du réseau wifi none
17/05/2023 16:42:55|info|3300e7bb2a4e653f nom du réseau wifi none
17/05/2023 16:42:59|info|3300e7bb2a4e653f nom du réseau wifi none
17/05/2023 16:43:04|info|3300e7bb2a4e653f nom du réseau wifi none
17/05/2023 16:43:09|info|3300e7bb2a4e653f nom du réseau wifi none
17/05/2023 16:43:14|info|3300e7bb2a4e653f nom du réseau wifi none
17/05/2023 16:43:24|info|3300e7bb2a4e653f nom du réseau wifi none
17/05/2023 16:43:29|info|3300e7bb2a4e653f nom du réseau wifi none
17/05/2023 16:43:34|info|3300e7bb2a4e653f nom du réseau wifi none
17/05/2023 16:43:39|info|3300e7bb2a4e653f nom du réseau wifi none
17/05/2023 16:43:44|info|3300e7bb2a4e653f nom du réseau wifi none
17/05/2023 16:43:54|info|3300e7bb2a4e653f nom du réseau wifi none
17/05/2023 16:43:59|info|3300e7bb2a4e653f nom du réseau wifi none
17/05/2023 16:44:04|info|3300e7bb2a4e653f nom du réseau wifi none
17/05/2023 16:44:09|info|3300e7bb2a4e653f nom du réseau wifi none
17/05/2023 16:44:14|info|3300e7bb2a4e653f nom du réseau wifi none
17/05/2023 16:44:24|info|3300e7bb2a4e653f nom du réseau wifi none
17/05/2023 16:44:29|info|3300e7bb2a4e653f nom du réseau wifi none
17/05/2023 16:44:34|info|3300e7bb2a4e653f nom du réseau wifi none
17/05/2023 16:44:46|info|3300e7bb2a4e653f nom du réseau wifi none
17/05/2023 16:44:50|info|3300e7bb2a4e653f nom du réseau wifi none
17/05/2023 16:44:56|info|3300e7bb2a4e653f nom du réseau wifi none
17/05/2023 16:45:00|info|3300e7bb2a4e653f nom du réseau wifi none
17/05/2023 16:45:06|info|3300e7bb2a4e653f nom du réseau wifi none
17/05/2023 16:45:10|info|3300e7bb2a4e653f nom du réseau wifi none
17/05/2023 16:45:16|info|3300e7bb2a4e653f nom du réseau wifi none
17/05/2023 16:45:20|info|3300e7bb2a4e653f nom du réseau wifi none
17/05/2023 16:45:26|info|3300e7bb2a4e653f nom du réseau wifi none
17/05/2023 16:45:37|info|3300e7bb2a4e653f nom du réseau wifi none
17/05/2023 16:45:42|info|3300e7bb2a4e653f nom du réseau wifi none
17/05/2023 16:45:47|info|3300e7bb2a4e653f nom du réseau wifi none
17/05/2023 16:45:52|info|3300e7bb2a4e653f nom du réseau wifi none
17/05/2023 16:45:57|info|3300e7bb2a4e653f nom du réseau wifi none
17/05/2023 16:46:02|info|3300e7bb2a4e653f nom du réseau wifi none
17/05/2023 16:46:07|info|3300e7bb2a4e653f nom du réseau wifi none
17/05/2023 16:46:12|info|3300e7bb2a4e653f nom du réseau wifi none
17/05/2023 16:46:17|info|3300e7bb2a4e653f nom du réseau wifi none
17/05/2023 16:46:22|info|3300e7bb2a4e653f nom du réseau wifi none
17/05/2023 16:46:27|info|3300e7bb2a4e653f nom du réseau wifi none
17/05/2023 16:46:32|info|3300e7bb2a4e653f nom du réseau wifi none
17/05/2023 16:46:37|info|3300e7bb2a4e653f nom du réseau wifi none
17/05/2023 16:46:42|info|3300e7bb2a4e653f nom du réseau wifi none
17/05/2023 16:46:52|info|3300e7bb2a4e653f nom du réseau wifi none
17/05/2023 16:46:57|info|3300e7bb2a4e653f nom du réseau wifi none
17/05/2023 16:47:02|info|3300e7bb2a4e653f nom du réseau wifi none
17/05/2023 16:47:07|info|3300e7bb2a4e653f nom du réseau wifi none
17/05/2023 16:47:12|info|3300e7bb2a4e653f nom du réseau wifi none
17/05/2023 16:47:17|info|3300e7bb2a4e653f nom du réseau wifi none
17/05/2023 16:47:22|info|3300e7bb2a4e653f nom du réseau wifi none
17/05/2023 16:47:27|info|3300e7bb2a4e653f nom du réseau wifi none
17/05/2023 16:47:32|info|3300e7bb2a4e653f nom du réseau wifi none
17/05/2023 16:47:37|info|3300e7bb2a4e653f nom du réseau wifi none
17/05/2023 16:47:42|info|3300e7bb2a4e653f nom du réseau wifi none
17/05/2023 16:47:47|info|3300e7bb2a4e653f nom du réseau wifi none
17/05/2023 16:47:52|info|3300e7bb2a4e653f nom du réseau wifi none
17/05/2023 16:47:57|info|3300e7bb2a4e653f nom du réseau wifi none
17/05/2023 16:48:02|info|3300e7bb2a4e653f nom du réseau wifi none
17/05/2023 16:48:07|info|3300e7bb2a4e653f nom du réseau wifi none
17/05/2023 16:48:12|info|3300e7bb2a4e653f nom du réseau wifi none
17/05/2023 16:48:17|info|3300e7bb2a4e653f nom du réseau wifi none
17/05/2023 16:48:22|info|3300e7bb2a4e653f nom du réseau wifi none
17/05/2023 16:48:27|info|3300e7bb2a4e653f nom du réseau wifi none
17/05/2023 16:48:32|info|3300e7bb2a4e653f nom du réseau wifi none
17/05/2023 16:48:37|info|3300e7bb2a4e653f nom du réseau wifi none
17/05/2023 16:48:42|info|3300e7bb2a4e653f nom du réseau wifi none
17/05/2023 16:48:47|info|3300e7bb2a4e653f nom du réseau wifi none
17/05/2023 16:48:52|info|3300e7bb2a4e653f nom du réseau wifi none
17/05/2023 16:48:57|info|3300e7bb2a4e653f nom du réseau wifi none
17/05/2023 16:49:02|info|3300e7bb2a4e653f nom du réseau wifi none
17/05/2023 16:49:07|info|3300e7bb2a4e653f nom du réseau wifi none
17/05/2023 16:49:12|info|3300e7bb2a4e653f nom du réseau wifi none
17/05/2023 16:49:17|info|3300e7bb2a4e653f nom du réseau wifi none
17/05/2023 16:49:22|info|3300e7bb2a4e653f nom du réseau wifi none
17/05/2023 16:49:27|info|3300e7bb2a4e653f nom du réseau wifi none
17/05/2023 16:49:32|info|3300e7bb2a4e653f nom du réseau wifi none
17/05/2023 16:49:37|info|3300e7bb2a4e653f nom du réseau wifi none
17/05/2023 16:49:42|info|3300e7bb2a4e653f nom du réseau wifi none
17/05/2023 16:49:47|info|3300e7bb2a4e653f nom du réseau wifi none
17/05/2023 16:49:52|info|3300e7bb2a4e653f nom du réseau wifi none
17/05/2023 16:49:57|info|3300e7bb2a4e653f nom du réseau wifi none
17/05/2023 16:50:02|info|3300e7bb2a4e653f nom du réseau wifi none
17/05/2023 16:50:07|info|3300e7bb2a4e653f nom du réseau wifi none
17/05/2023 16:50:12|info|3300e7bb2a4e653f nom du réseau wifi none
17/05/2023 16:50:17|info|3300e7bb2a4e653f nom du réseau wifi none
17/05/2023 16:50:22|info|3300e7bb2a4e653f nom du réseau wifi none
17/05/2023 16:50:27|info|3300e7bb2a4e653f nom du réseau wifi none
17/05/2023 16:50:32|info|3300e7bb2a4e653f nom du réseau wifi none
17/05/2023 16:50:37|info|3300e7bb2a4e653f nom du réseau wifi none
17/05/2023 16:50:42|info|3300e7bb2a4e653f nom du réseau wifi none
17/05/2023 16:50:47|info|3300e7bb2a4e653f nom du réseau wifi none
17/05/2023 16:50:52|info|3300e7bb2a4e653f nom du réseau wifi none
17/05/2023 16:50:57|info|3300e7bb2a4e653f nom du réseau wifi none
17/05/2023 16:51:02|info|3300e7bb2a4e653f nom du réseau wifi none
17/05/2023 16:51:12|info|3300e7bb2a4e653f nom du réseau wifi none
17/05/2023 16:51:17|info|3300e7bb2a4e653f nom du réseau wifi none
17/05/2023 16:51:22|info|3300e7bb2a4e653f nom du réseau wifi none
17/05/2023 16:51:27|info|3300e7bb2a4e653f nom du réseau wifi none
17/05/2023 16:51:32|info|3300e7bb2a4e653f nom du réseau wifi none
17/05/2023 16:51:37|info|3300e7bb2a4e653f nom du réseau wifi none
17/05/2023 16:51:42|info|3300e7bb2a4e653f nom du réseau wifi none
17/05/2023 16:51:47|info|3300e7bb2a4e653f nom du réseau wifi none
17/05/2023 16:51:52|info|3300e7bb2a4e653f nom du réseau wifi none
17/05/2023 16:51:57|info|3300e7bb2a4e653f nom du réseau wifi none
17/05/2023 16:52:02|info|3300e7bb2a4e653f nom du réseau wifi none
17/05/2023 16:52:07|info|3300e7bb2a4e653f nom du réseau wifi none
17/05/2023 16:52:12|info|3300e7bb2a4e653f nom du réseau wifi none
17/05/2023 16:52:17|info|3300e7bb2a4e653f nom du réseau wifi none
17/05/2023 16:52:22|info|3300e7bb2a4e653f nom du réseau wifi none
17/05/2023 16:52:27|info|3300e7bb2a4e653f nom du réseau wifi none
17/05/2023 16:52:35|info|3300e7bb2a4e653f nom du réseau wifi none
17/05/2023 16:52:47|info|3300e7bb2a4e653f nom du réseau wifi none
17/05/2023 16:52:52|info|3300e7bb2a4e653f nom du réseau wifi none
17/05/2023 16:52:57|info|3300e7bb2a4e653f nom du réseau wifi none
17/05/2023 16:53:05|info|3300e7bb2a4e653f nom du réseau wifi none
17/05/2023 16:53:09|info|3300e7bb2a4e653f nom du réseau wifi none
17/05/2023 16:53:16|info|3300e7bb2a4e653f nom du réseau wifi none
17/05/2023 16:53:21|info|3300e7bb2a4e653f nom du réseau wifi none
17/05/2023 16:53:26|info|3300e7bb2a4e653f nom du réseau wifi none
17/05/2023 16:53:31|info|3300e7bb2a4e653f nom du réseau wifi none
17/05/2023 16:53:36|info|3300e7bb2a4e653f nom du réseau wifi none
17/05/2023 16:53:41|info|3300e7bb2a4e653f nom du réseau wifi none
17/05/2023 16:53:46|info|3300e7bb2a4e653f nom du réseau wifi none
17/05/2023 16:53:51|info|3300e7bb2a4e653f nom du réseau wifi none
17/05/2023 16:53:56|info|3300e7bb2a4e653f nom du réseau wifi none
17/05/2023 16:54:01|info|3300e7bb2a4e653f nom du réseau wifi none
17/05/2023 16:54:06|info|3300e7bb2a4e653f nom du réseau wifi none
17/05/2023 16:54:11|info|3300e7bb2a4e653f nom du réseau wifi none
17/05/2023 16:54:16|info|3300e7bb2a4e653f nom du réseau wifi none
17/05/2023 16:54:21|info|3300e7bb2a4e653f nom du réseau wifi none
17/05/2023 16:54:26|info|3300e7bb2a4e653f nom du réseau wifi none
17/05/2023 16:54:31|info|3300e7bb2a4e653f nom du réseau wifi none
17/05/2023 16:54:36|info|3300e7bb2a4e653f nom du réseau wifi none
17/05/2023 16:54:41|info|3300e7bb2a4e653f nom du réseau wifi none
17/05/2023 16:54:46|info|3300e7bb2a4e653f nom du réseau wifi none
17/05/2023 16:54:51|info|3300e7bb2a4e653f nom du réseau wifi none
17/05/2023 16:54:56|info|3300e7bb2a4e653f nom du réseau wifi none
17/05/2023 16:55:01|info|3300e7bb2a4e653f nom du réseau wifi none
17/05/2023 16:55:06|info|3300e7bb2a4e653f nom du réseau wifi none
17/05/2023 16:55:11|info|3300e7bb2a4e653f nom du réseau wifi none
17/05/2023 16:55:16|info|3300e7bb2a4e653f nom du réseau wifi none
17/05/2023 16:55:21|info|3300e7bb2a4e653f nom du réseau wifi none
17/05/2023 16:55:26|info|3300e7bb2a4e653f nom du réseau wifi none
17/05/2023 16:55:31|info|3300e7bb2a4e653f nom du réseau wifi none
17/05/2023 16:55:36|info|3300e7bb2a4e653f nom du réseau wifi none
17/05/2023 16:55:41|info|3300e7bb2a4e653f nom du réseau wifi none
17/05/2023 16:55:46|info|3300e7bb2a4e653f nom du réseau wifi none
17/05/2023 16:55:51|info|3300e7bb2a4e653f nom du réseau wifi none
17/05/2023 16:55:57|info|3300e7bb2a4e653f nom du réseau wifi none
17/05/2023 16:56:02|info|3300e7bb2a4e653f nom du réseau wifi none
17/05/2023 16:56:07|info|3300e7bb2a4e653f nom du réseau wifi none
17/05/2023 16:56:12|info|3300e7bb2a4e653f nom du réseau wifi none
17/05/2023 16:56:17|info|3300e7bb2a4e653f nom du réseau wifi none
17/05/2023 16:56:22|info|3300e7bb2a4e653f nom du réseau wifi none
17/05/2023 16:56:27|info|3300e7bb2a4e653f nom du réseau wifi none
17/05/2023 16:56:32|info|3300e7bb2a4e653f nom du réseau wifi none
17/05/2023 16:56:37|info|3300e7bb2a4e653f nom du réseau wifi none
17/05/2023 16:56:42|info|3300e7bb2a4e653f nom du réseau wifi none
17/05/2023 16:56:47|info|3300e7bb2a4e653f nom du réseau wifi none
17/05/2023 16:56:53|info|3300e7bb2a4e653f nom du réseau wifi none
17/05/2023 16:56:58|info|3300e7bb2a4e653f nom du réseau wifi none
17/05/2023 16:57:03|info|3300e7bb2a4e653f nom du réseau wifi none
17/05/2023 16:57:08|info|3300e7bb2a4e653f nom du réseau wifi none
17/05/2023 16:57:13|info|3300e7bb2a4e653f nom du réseau wifi none
17/05/2023 16:57:18|info|3300e7bb2a4e653f nom du réseau wifi none
17/05/2023 16:57:24|info|3300e7bb2a4e653f nom du réseau wifi none
17/05/2023 16:57:28|info|3300e7bb2a4e653f nom du réseau wifi none
17/05/2023 16:57:34|info|3300e7bb2a4e653f nom du réseau wifi none
17/05/2023 16:57:38|info|3300e7bb2a4e653f nom du réseau wifi none
17/05/2023 16:57:44|info|3300e7bb2a4e653f nom du réseau wifi none
17/05/2023 16:57:49|info|3300e7bb2a4e653f nom du réseau wifi none
17/05/2023 16:57:55|info|3300e7bb2a4e653f nom du réseau wifi none
17/05/2023 16:58:00|info|3300e7bb2a4e653f nom du réseau wifi none
17/05/2023 16:58:05|info|3300e7bb2a4e653f nom du réseau wifi none
17/05/2023 16:58:09|info|3300e7bb2a4e653f nom du réseau wifi none
17/05/2023 16:58:15|info|3300e7bb2a4e653f nom du réseau wifi none
17/05/2023 16:58:19|info|3300e7bb2a4e653f nom du réseau wifi none
17/05/2023 16:58:25|info|3300e7bb2a4e653f nom du réseau wifi none
17/05/2023 16:58:29|info|3300e7bb2a4e653f nom du réseau wifi none
17/05/2023 16:58:35|info|3300e7bb2a4e653f nom du réseau wifi none
17/05/2023 16:58:40|info|3300e7bb2a4e653f nom du réseau wifi none
17/05/2023 16:58:45|info|3300e7bb2a4e653f nom du réseau wifi none
17/05/2023 16:58:51|info|3300e7bb2a4e653f nom du réseau wifi none
17/05/2023 16:58:56|info|3300e7bb2a4e653f nom du réseau wifi none
17/05/2023 16:59:01|info|3300e7bb2a4e653f nom du réseau wifi none
17/05/2023 16:59:05|info|3300e7bb2a4e653f nom du réseau wifi none
17/05/2023 16:59:11|info|3300e7bb2a4e653f nom du réseau wifi none
17/05/2023 16:59:15|info|3300e7bb2a4e653f nom du réseau wifi none
17/05/2023 16:59:21|info|3300e7bb2a4e653f nom du réseau wifi none
17/05/2023 16:59:25|info|3300e7bb2a4e653f nom du réseau wifi none
17/05/2023 16:59:31|info|3300e7bb2a4e653f nom du réseau wifi none
17/05/2023 16:59:37|info|3300e7bb2a4e653f nom du réseau wifi none
17/05/2023 16:59:42|info|3300e7bb2a4e653f nom du réseau wifi none
17/05/2023 16:59:47|info|3300e7bb2a4e653f nom du réseau wifi none
17/05/2023 16:59:54|info|3300e7bb2a4e653f nom du réseau wifi none
17/05/2023 16:59:58|info|3300e7bb2a4e653f nom du réseau wifi none
17/05/2023 17:00:04|info|3300e7bb2a4e653f nom du réseau wifi none
17/05/2023 17:00:08|info|3300e7bb2a4e653f nom du réseau wifi none
17/05/2023 17:00:14|info|3300e7bb2a4e653f nom du réseau wifi none
17/05/2023 17:00:18|info|3300e7bb2a4e653f nom du réseau wifi none
17/05/2023 17:00:24|info|3300e7bb2a4e653f nom du réseau wifi none
17/05/2023 17:00:28|info|3300e7bb2a4e653f nom du réseau wifi none
17/05/2023 17:00:34|info|3300e7bb2a4e653f nom du réseau wifi none
17/05/2023 17:00:39|info|3300e7bb2a4e653f nom du réseau wifi none
17/05/2023 17:00:44|info|3300e7bb2a4e653f nom du réseau wifi none
17/05/2023 17:00:49|info|3300e7bb2a4e653f nom du réseau wifi none
17/05/2023 17:00:54|info|3300e7bb2a4e653f nom du réseau wifi none
17/05/2023 17:00:59|info|3300e7bb2a4e653f nom du réseau wifi none
17/05/2023 17:01:04|info|3300e7bb2a4e653f nom du réseau wifi none
17/05/2023 17:01:08|info|3300e7bb2a4e653f nom du réseau wifi none
17/05/2023 17:01:14|info|3300e7bb2a4e653f nom du réseau wifi none
17/05/2023 17:01:20|info|3300e7bb2a4e653f nom du réseau wifi none
17/05/2023 17:01:25|info|3300e7bb2a4e653f nom du réseau wifi none
17/05/2023 17:01:30|info|3300e7bb2a4e653f nom du réseau wifi none
17/05/2023 17:01:35|info|3300e7bb2a4e653f nom du réseau wifi none
17/05/2023 17:01:40|info|3300e7bb2a4e653f nom du réseau wifi none
17/05/2023 17:01:45|info|3300e7bb2a4e653f nom du réseau wifi none
17/05/2023 17:01:50|info|3300e7bb2a4e653f nom du réseau wifi none
17/05/2023 17:01:55|info|3300e7bb2a4e653f nom du réseau wifi none
17/05/2023 17:02:00|info|3300e7bb2a4e653f nom du réseau wifi none
17/05/2023 17:02:05|info|3300e7bb2a4e653f nom du réseau wifi none
17/05/2023 17:02:10|info|3300e7bb2a4e653f nom du réseau wifi none
17/05/2023 17:02:15|info|3300e7bb2a4e653f nom du réseau wifi none
17/05/2023 17:02:20|info|3300e7bb2a4e653f nom du réseau wifi none
17/05/2023 17:02:25|info|3300e7bb2a4e653f nom du réseau wifi none
17/05/2023 17:02:30|info|3300e7bb2a4e653f nom du réseau wifi none
17/05/2023 17:02:41|info|3300e7bb2a4e653f nom du réseau wifi none
17/05/2023 17:02:45|info|3300e7bb2a4e653f nom du réseau wifi none
17/05/2023 17:02:50|info|3300e7bb2a4e653f nom du réseau wifi none
17/05/2023 17:02:55|info|3300e7bb2a4e653f nom du réseau wifi none
17/05/2023 17:03:00|info|3300e7bb2a4e653f nom du réseau wifi none
17/05/2023 17:03:05|info|3300e7bb2a4e653f nom du réseau wifi none
17/05/2023 17:03:10|info|3300e7bb2a4e653f nom du réseau wifi none
17/05/2023 17:03:16|info|3300e7bb2a4e653f nom du réseau wifi none
17/05/2023 17:03:22|info|3300e7bb2a4e653f nom du réseau wifi none
17/05/2023 17:03:26|info|3300e7bb2a4e653f nom du réseau wifi none
17/05/2023 17:03:33|info|3300e7bb2a4e653f nom du réseau wifi none
17/05/2023 17:03:38|info|3300e7bb2a4e653f nom du réseau wifi none
17/05/2023 17:03:44|info|3300e7bb2a4e653f nom du réseau wifi none
17/05/2023 17:03:48|info|3300e7bb2a4e653f nom du réseau wifi none
17/05/2023 17:03:57|info|3300e7bb2a4e653f nom du réseau wifi none
17/05/2023 17:04:02|info|3300e7bb2a4e653f nom du réseau wifi none
17/05/2023 17:04:07|info|3300e7bb2a4e653f nom du réseau wifi none
17/05/2023 17:04:12|info|3300e7bb2a4e653f nom du réseau wifi none
17/05/2023 17:04:20|info|3300e7bb2a4e653f nom du réseau wifi none
17/05/2023 17:04:25|info|3300e7bb2a4e653f nom du réseau wifi none
17/05/2023 17:04:30|info|3300e7bb2a4e653f nom du réseau wifi none
17/05/2023 17:04:35|info|3300e7bb2a4e653f nom du réseau wifi none
17/05/2023 17:04:40|info|3300e7bb2a4e653f nom du réseau wifi none
17/05/2023 17:04:45|info|3300e7bb2a4e653f nom du réseau wifi none
17/05/2023 17:05:03|info|3300e7bb2a4e653f nom du réseau wifi none
17/05/2023 17:05:19|info|3300e7bb2a4e653f nom du réseau wifi none
17/05/2023 17:05:33|info|3300e7bb2a4e653f nom du réseau wifi none
17/05/2023 17:06:14|info|3300e7bb2a4e653f nom du réseau wifi none
17/05/2023 17:06:29|info|3300e7bb2a4e653f nom du réseau wifi none
17/05/2023 17:06:44|info|3300e7bb2a4e653f nom du réseau wifi none
17/05/2023 17:07:09|info|3300e7bb2a4e653f nom du réseau wifi none
17/05/2023 17:07:24|info|3300e7bb2a4e653f nom du réseau wifi none
17/05/2023 17:07:29|info|3300e7bb2a4e653f nom du réseau wifi none
17/05/2023 17:07:44|info|3300e7bb2a4e653f nom du réseau wifi none
17/05/2023 17:07:59|info|3300e7bb2a4e653f nom du réseau wifi none
17/05/2023 17:08:14|info|3300e7bb2a4e653f nom du réseau wifi none
17/05/2023 17:08:29|info|3300e7bb2a4e653f nom du réseau wifi none
17/05/2023 17:08:44|info|3300e7bb2a4e653f nom du réseau wifi none
17/05/2023 17:08:59|info|3300e7bb2a4e653f nom du réseau wifi none
17/05/2023 17:09:10|info|3300e7bb2a4e653f nom du réseau wifi none
17/05/2023 17:09:25|info|3300e7bb2a4e653f nom du réseau wifi none
17/05/2023 17:09:40|info|3300e7bb2a4e653f nom du réseau wifi none
17/05/2023 17:09:53|info|3300e7bb2a4e653f nom du réseau wifi none
17/05/2023 17:10:08|info|3300e7bb2a4e653f nom du réseau wifi none
17/05/2023 17:10:23|info|3300e7bb2a4e653f nom du réseau wifi none
17/05/2023 17:10:38|info|3300e7bb2a4e653f nom du réseau wifi none
17/05/2023 17:10:53|info|3300e7bb2a4e653f nom du réseau wifi none
17/05/2023 17:11:08|info|3300e7bb2a4e653f nom du réseau wifi none
17/05/2023 17:11:23|info|3300e7bb2a4e653f nom du réseau wifi none
17/05/2023 17:11:38|info|3300e7bb2a4e653f nom du réseau wifi none
17/05/2023 17:11:53|info|3300e7bb2a4e653f nom du réseau wifi none
17/05/2023 17:12:08|info|3300e7bb2a4e653f nom du réseau wifi none
17/05/2023 17:12:23|info|3300e7bb2a4e653f nom du réseau wifi none
17/05/2023 17:12:38|info|3300e7bb2a4e653f nom du réseau wifi none
17/05/2023 17:12:53|info|3300e7bb2a4e653f nom du réseau wifi none
17/05/2023 17:13:08|info|3300e7bb2a4e653f nom du réseau wifi none
17/05/2023 17:13:23|info|3300e7bb2a4e653f nom du réseau wifi none
17/05/2023 17:13:38|info|3300e7bb2a4e653f nom du réseau wifi none
17/05/2023 17:13:53|info|3300e7bb2a4e653f nom du réseau wifi none
17/05/2023 17:14:08|info|3300e7bb2a4e653f nom du réseau wifi none
17/05/2023 17:14:23|info|3300e7bb2a4e653f nom du réseau wifi none
17/05/2023 17:14:38|info|3300e7bb2a4e653f nom du réseau wifi none
17/05/2023 17:14:53|info|3300e7bb2a4e653f nom du réseau wifi none
17/05/2023 17:15:08|info|3300e7bb2a4e653f nom du réseau wifi none
17/05/2023 17:15:23|info|3300e7bb2a4e653f nom du réseau wifi none
17/05/2023 17:15:38|info|3300e7bb2a4e653f nom du réseau wifi none
17/05/2023 17:15:53|info|3300e7bb2a4e653f nom du réseau wifi none
17/05/2023 17:16:08|info|3300e7bb2a4e653f nom du réseau wifi none
17/05/2023 17:16:23|info|3300e7bb2a4e653f nom du réseau wifi none
17/05/2023 17:16:33|info|3300e7bb2a4e653fLe fichier /sdcard/screencap_1684336588880.png a bien été uploadé
17/05/2023 17:16:33|info|3300e7bb2a4e653f Le fichier /sdcard/screencap_1684336588880.png n'existe pas sur l'appareil 
17/05/2023 17:16:33|info|capture d'écran de 3300e7bb2a4e653f 3300e7bb2a4e653f_screencap_1684336588880.png
17/05/2023 17:16:49|info|3300e7bb2a4e653fLe fichier /sdcard/recording_1684336597574.mp4 a bien été uploadé
17/05/2023 17:16:49|info|3300e7bb2a4e653f Le fichier /sdcard/recording_1684336597574.mp4 n'existe pas sur l'appareil 
17/05/2023 17:16:49|info|Enregistrement de l'écran de 3300e7bb2a4e653f 3300e7bb2a4e653f_recording_1684336597574.mp4
17/05/2023 17:16:49|info|3300e7bb2a4e653f nom du réseau wifi none
17/05/2023 17:16:53|info|3300e7bb2a4e653f nom du réseau wifi none
17/05/2023 17:17:08|info|3300e7bb2a4e653f nom du réseau wifi none
17/05/2023 17:17:23|info|3300e7bb2a4e653f nom du réseau wifi none
17/05/2023 17:17:38|info|3300e7bb2a4e653f nom du réseau wifi none
17/05/2023 17:17:53|info|3300e7bb2a4e653f nom du réseau wifi none
17/05/2023 17:18:08|info|3300e7bb2a4e653f nom du réseau wifi none
17/05/2023 17:18:23|info|3300e7bb2a4e653f nom du réseau wifi none
17/05/2023 17:18:38|info|3300e7bb2a4e653f nom du réseau wifi none
17/05/2023 17:18:53|info|3300e7bb2a4e653f nom du réseau wifi none
17/05/2023 17:19:08|info|3300e7bb2a4e653f nom du réseau wifi none
17/05/2023 17:19:38|info|3300e7bb2a4e653f nom du réseau wifi none
17/05/2023 17:19:53|info|3300e7bb2a4e653f nom du réseau wifi none
17/05/2023 17:35:36|info|3300e7bb2a4e653f nom du réseau wifi none
17/05/2023 17:35:52|info|3300e7bb2a4e653f nom du réseau wifi none
17/05/2023 17:36:06|info|3300e7bb2a4e653f nom du réseau wifi none
17/05/2023 17:36:21|info|3300e7bb2a4e653f nom du réseau wifi none
17/05/2023 17:36:37|info|3300e7bb2a4e653f nom du réseau wifi none
17/05/2023 17:36:52|info|3300e7bb2a4e653f nom du réseau wifi none
17/05/2023 17:37:07|info|3300e7bb2a4e653f nom du réseau wifi none
17/05/2023 17:37:22|info|3300e7bb2a4e653f nom du réseau wifi none
17/05/2023 17:37:36|info|3300e7bb2a4e653f nom du réseau wifi none
17/05/2023 17:37:47|info|3300e7bb2a4e653f nom du réseau wifi none
17/05/2023 17:38:02|info|3300e7bb2a4e653f nom du réseau wifi none
17/05/2023 17:38:02|info|3300e7bb2a4e653f nom du réseau wifi none
17/05/2023 17:38:17|info|3300e7bb2a4e653f nom du réseau wifi none
17/05/2023 17:38:32|info|3300e7bb2a4e653f nom du réseau wifi none
17/05/2023 17:38:47|info|3300e7bb2a4e653f nom du réseau wifi none
17/05/2023 17:39:02|info|3300e7bb2a4e653f nom du réseau wifi none
17/05/2023 17:39:17|info|3300e7bb2a4e653f nom du réseau wifi none
17/05/2023 17:39:32|info|3300e7bb2a4e653f nom du réseau wifi none
17/05/2023 17:39:47|info|3300e7bb2a4e653f nom du réseau wifi none
17/05/2023 17:40:02|info|3300e7bb2a4e653f nom du réseau wifi none
17/05/2023 17:40:14|info|3300e7bb2a4e653f nom du réseau wifi none
17/05/2023 17:40:29|info|3300e7bb2a4e653f nom du réseau wifi none
17/05/2023 17:40:44|info|3300e7bb2a4e653f nom du réseau wifi none
17/05/2023 17:40:59|info|3300e7bb2a4e653f nom du réseau wifi none
17/05/2023 17:41:14|info|3300e7bb2a4e653f nom du réseau wifi none
17/05/2023 17:41:29|info|3300e7bb2a4e653f nom du réseau wifi none
17/05/2023 17:41:44|info|3300e7bb2a4e653f nom du réseau wifi none
17/05/2023 17:41:49|info|3300e7bb2a4e653f nom du réseau wifi none
17/05/2023 17:43:30|info|3300e7bb2a4e653f nom du réseau wifi none
17/05/2023 17:45:09|info|3300e7bb2a4e653f nom du réseau wifi none
17/05/2023 17:45:52|info|3300e7bb2a4e653f nom du réseau wifi none
17/05/2023 17:46:12|info|3300e7bb2a4e653f nom du réseau wifi none
17/05/2023 17:46:28|info|3300e7bb2a4e653f nom du réseau wifi none
